<?xml version="1.0" encoding="UTF-8"?>
<coverage generated="1654711757526" clover="3.2.0">
  <project timestamp="1654711757526" name="All files">
    <metrics statements="81" coveredstatements="10" conditionals="16" coveredconditionals="1" methods="26" coveredmethods="1" elements="123" coveredelements="12" complexity="0" loc="81" ncloc="81" packages="1" files="3" classes="3"/>
    <file name="alerts.mod.js" path="C:\Users\PC\ToDo-List-App\src\modules\alerts.mod.js">
      <metrics statements="13" coveredstatements="2" conditionals="0" coveredconditionals="0" methods="6" coveredmethods="0"/>
      <line num="3" count="1" type="stmt"/>
      <line num="4" count="0" type="stmt"/>
      <line num="5" count="0" type="stmt"/>
      <line num="6" count="0" type="stmt"/>
      <line num="7" count="0" type="stmt"/>
      <line num="9" count="0" type="stmt"/>
      <line num="10" count="0" type="stmt"/>
      <line num="15" count="1" type="stmt"/>
      <line num="16" count="0" type="stmt"/>
      <line num="17" count="0" type="stmt"/>
      <line num="18" count="0" type="stmt"/>
      <line num="20" count="0" type="stmt"/>
      <line num="21" count="0" type="stmt"/>
    </file>
    <file name="task-manipulation.mod.js" path="C:\Users\PC\ToDo-List-App\src\modules\task-manipulation.mod.js">
      <metrics statements="67" coveredstatements="7" conditionals="14" coveredconditionals="0" methods="20" coveredmethods="1"/>
      <line num="6" count="1" type="stmt"/>
      <line num="7" count="0" type="stmt"/>
      <line num="8" count="0" type="cond" truecount="0" falsecount="2"/>
      <line num="9" count="0" type="stmt"/>
      <line num="15" count="0" type="stmt"/>
      <line num="17" count="0" type="cond" truecount="0" falsecount="2"/>
      <line num="18" count="0" type="stmt"/>
      <line num="19" count="0" type="stmt"/>
      <line num="21" count="0" type="stmt"/>
      <line num="25" count="0" type="stmt"/>
      <line num="26" count="0" type="stmt"/>
      <line num="28" count="0" type="stmt"/>
      <line num="33" count="1" type="stmt"/>
      <line num="35" count="1" type="stmt"/>
      <line num="37" count="0" type="stmt"/>
      <line num="39" count="0" type="stmt"/>
      <line num="40" count="0" type="stmt"/>
      <line num="43" count="0" type="stmt"/>
      <line num="45" count="0" type="cond" truecount="0" falsecount="2"/>
      <line num="46" count="0" type="stmt"/>
      <line num="47" count="0" type="stmt"/>
      <line num="50" count="0" type="stmt"/>
      <line num="51" count="0" type="stmt"/>
      <line num="54" count="0" type="stmt"/>
      <line num="55" count="0" type="stmt"/>
      <line num="57" count="0" type="stmt"/>
      <line num="62" count="1" type="stmt"/>
      <line num="64" count="0" type="stmt"/>
      <line num="66" count="0" type="stmt"/>
      <line num="67" count="0" type="cond" truecount="0" falsecount="2"/>
      <line num="69" count="0" type="stmt"/>
      <line num="71" count="0" type="stmt"/>
      <line num="73" count="0" type="cond" truecount="0" falsecount="2"/>
      <line num="74" count="0" type="stmt"/>
      <line num="75" count="0" type="stmt"/>
      <line num="77" count="0" type="stmt"/>
      <line num="80" count="0" type="stmt"/>
      <line num="81" count="0" type="stmt"/>
      <line num="83" count="0" type="stmt"/>
      <line num="87" count="0" type="stmt"/>
      <line num="93" count="1" type="stmt"/>
      <line num="94" count="0" type="stmt"/>
      <line num="95" count="0" type="stmt"/>
      <line num="97" count="0" type="stmt"/>
      <line num="98" count="0" type="stmt"/>
      <line num="102" count="0" type="stmt"/>
      <line num="103" count="0" type="stmt"/>
      <line num="107" count="0" type="stmt"/>
      <line num="111" count="1" type="stmt"/>
      <line num="112" count="0" type="stmt"/>
      <line num="113" count="0" type="stmt"/>
      <line num="116" count="0" type="stmt"/>
      <line num="117" count="0" type="stmt"/>
      <line num="119" count="0" type="stmt"/>
      <line num="120" count="0" type="stmt"/>
      <line num="125" count="0" type="stmt"/>
      <line num="127" count="0" type="cond" truecount="0" falsecount="2"/>
      <line num="128" count="0" type="stmt"/>
      <line num="129" count="0" type="stmt"/>
      <line num="131" count="0" type="stmt"/>
      <line num="134" count="0" type="stmt"/>
      <line num="135" count="0" type="stmt"/>
      <line num="137" count="0" type="stmt"/>
      <line num="142" count="1" type="stmt"/>
      <line num="143" count="0" type="cond" truecount="0" falsecount="2"/>
      <line num="144" count="0" type="stmt"/>
      <line num="147" count="0" type="stmt"/>
    </file>
    <file name="task.mod.js" path="C:\Users\PC\ToDo-List-App\src\modules\task.mod.js">
      <metrics statements="1" coveredstatements="1" conditionals="2" coveredconditionals="1" methods="0" coveredmethods="0"/>
      <line num="1" count="1" type="cond" truecount="1" falsecount="1"/>
    </file>
  </project>
</coverage>
