{"C:\\Users\\PC\\ToDo-List-App\\src\\modules\\alerts.mod.js": {"path":"C:\\Users\\PC\\ToDo-List-App\\src\\modules\\alerts.mod.js","statementMap":{"0":{"start":{"line":3,"column":24},"end":{"line":12,"column":3}},"1":{"start":{"line":4,"column":21},"end":{"line":4,"column":61}},"2":{"start":{"line":5,"column":5},"end":{"line":5,"column":29}},"3":{"start":{"line":6,"column":4},"end":{"line":8,"column":12}},"4":{"start":{"line":7,"column":6},"end":{"line":7,"column":39}},"5":{"start":{"line":9,"column":4},"end":{"line":11,"column":13}},"6":{"start":{"line":10,"column":6},"end":{"line":10,"column":36}},"7":{"start":{"line":15,"column":21},"end":{"line":23,"column":3}},"8":{"start":{"line":16,"column":18},"end":{"line":16,"column":56}},"9":{"start":{"line":17,"column":4},"end":{"line":19,"column":12}},"10":{"start":{"line":18,"column":6},"end":{"line":18,"column":37}},"11":{"start":{"line":20,"column":4},"end":{"line":22,"column":13}},"12":{"start":{"line":21,"column":6},"end":{"line":21,"column":34}}},"fnMap":{"0":{"name":"(anonymous_0)","decl":{"start":{"line":3,"column":24},"end":{"line":3,"column":25}},"loc":{"start":{"line":3,"column":33},"end":{"line":12,"column":3}},"line":3},"1":{"name":"(anonymous_1)","decl":{"start":{"line":6,"column":15},"end":{"line":6,"column":16}},"loc":{"start":{"line":6,"column":21},"end":{"line":8,"column":5}},"line":6},"2":{"name":"(anonymous_2)","decl":{"start":{"line":9,"column":15},"end":{"line":9,"column":16}},"loc":{"start":{"line":9,"column":21},"end":{"line":11,"column":5}},"line":9},"3":{"name":"(anonymous_3)","decl":{"start":{"line":15,"column":21},"end":{"line":15,"column":22}},"loc":{"start":{"line":15,"column":27},"end":{"line":23,"column":3}},"line":15},"4":{"name":"(anonymous_4)","decl":{"start":{"line":17,"column":15},"end":{"line":17,"column":16}},"loc":{"start":{"line":17,"column":21},"end":{"line":19,"column":5}},"line":17},"5":{"name":"(anonymous_5)","decl":{"start":{"line":20,"column":15},"end":{"line":20,"column":16}},"loc":{"start":{"line":20,"column":21},"end":{"line":22,"column":5}},"line":20}},"branchMap":{},"s":{"0":1,"1":0,"2":0,"3":0,"4":0,"5":0,"6":0,"7":1,"8":0,"9":0,"10":0,"11":0,"12":0},"f":{"0":0,"1":0,"2":0,"3":0,"4":0,"5":0},"b":{},"_coverageSchema":"1a1c01bbd47fc00a2c39e90264f33305004495a9","hash":"03c30912e05962698e960483e1e46fe58fb091b7"}
,"C:\\Users\\PC\\ToDo-List-App\\src\\modules\\task.mod.js": {"path":"C:\\Users\\PC\\ToDo-List-App\\src\\modules\\task.mod.js","statementMap":{"0":{"start":{"line":1,"column":19},"end":{"line":1,"column":108}}},"fnMap":{},"branchMap":{"0":{"loc":{"start":{"line":1,"column":19},"end":{"line":1,"column":108}},"type":"cond-expr","locations":[{"start":{"line":1,"column":62},"end":{"line":1,"column":64}},{"start":{"line":1,"column":67},"end":{"line":1,"column":108}}],"line":1}},"s":{"0":1},"f":{},"b":{"0":[0,1]},"_coverageSchema":"1a1c01bbd47fc00a2c39e90264f33305004495a9","hash":"f51f78bc4c60fa02ee385424f693acee70fd9393"}
,"C:\\Users\\PC\\ToDo-List-App\\src\\test\\task-manipulation.mod.js": {"path":"C:\\Users\\PC\\ToDo-List-App\\src\\test\\task-manipulation.mod.js","statementMap":{"0":{"start":{"line":6,"column":19},"end":{"line":18,"column":3}},"1":{"start":{"line":7,"column":24},"end":{"line":7,"column":65}},"2":{"start":{"line":8,"column":4},"end":{"line":17,"column":5}},"3":{"start":{"line":9,"column":9},"end":{"line":13,"column":9}},"4":{"start":{"line":15,"column":6},"end":{"line":15,"column":22}},"5":{"start":{"line":21,"column":22},"end":{"line":32,"column":3}},"6":{"start":{"line":23,"column":17},"end":{"line":23,"column":18}},"7":{"start":{"line":25,"column":2},"end":{"line":25,"column":25}},"8":{"start":{"line":27,"column":4},"end":{"line":29,"column":7}},"9":{"start":{"line":28,"column":6},"end":{"line":28,"column":21}},"10":{"start":{"line":31,"column":4},"end":{"line":31,"column":20}},"11":{"start":{"line":35,"column":22},"end":{"line":63,"column":3}},"12":{"start":{"line":37,"column":18},"end":{"line":37,"column":46}},"13":{"start":{"line":39,"column":24},"end":{"line":39,"column":38}},"14":{"start":{"line":40,"column":4},"end":{"line":61,"column":5}},"15":{"start":{"line":42,"column":21},"end":{"line":42,"column":59}},"16":{"start":{"line":44,"column":6},"end":{"line":44,"column":22}},"17":{"start":{"line":46,"column":6},"end":{"line":57,"column":7}},"18":{"start":{"line":47,"column":8},"end":{"line":49,"column":11}},"19":{"start":{"line":48,"column":10},"end":{"line":48,"column":66}},"20":{"start":{"line":50,"column":8},"end":{"line":50,"column":20}},"21":{"start":{"line":53,"column":8},"end":{"line":55,"column":11}},"22":{"start":{"line":54,"column":10},"end":{"line":54,"column":37}},"23":{"start":{"line":56,"column":8},"end":{"line":56,"column":21}},"24":{"start":{"line":60,"column":6},"end":{"line":60,"column":19}},"25":{"start":{"line":66,"column":23},"end":{"line":81,"column":3}},"26":{"start":{"line":67,"column":19},"end":{"line":67,"column":44}},"27":{"start":{"line":68,"column":4},"end":{"line":68,"column":41}},"28":{"start":{"line":70,"column":4},"end":{"line":72,"column":7}},"29":{"start":{"line":71,"column":6},"end":{"line":71,"column":21}},"30":{"start":{"line":75,"column":4},"end":{"line":77,"column":7}},"31":{"start":{"line":76,"column":6},"end":{"line":76,"column":60}},"32":{"start":{"line":80,"column":4},"end":{"line":80,"column":20}},"33":{"start":{"line":84,"column":33},"end":{"line":112,"column":3}},"34":{"start":{"line":85,"column":18},"end":{"line":87,"column":6}},"35":{"start":{"line":86,"column":6},"end":{"line":86,"column":35}},"36":{"start":{"line":89,"column":4},"end":{"line":95,"column":7}},"37":{"start":{"line":90,"column":6},"end":{"line":90,"column":35}},"38":{"start":{"line":92,"column":6},"end":{"line":94,"column":9}},"39":{"start":{"line":93,"column":8},"end":{"line":93,"column":23}},"40":{"start":{"line":98,"column":4},"end":{"line":98,"column":20}},"41":{"start":{"line":100,"column":4},"end":{"line":111,"column":5}},"42":{"start":{"line":101,"column":6},"end":{"line":103,"column":9}},"43":{"start":{"line":102,"column":8},"end":{"line":102,"column":75}},"44":{"start":{"line":104,"column":6},"end":{"line":104,"column":18}},"45":{"start":{"line":107,"column":6},"end":{"line":109,"column":9}},"46":{"start":{"line":108,"column":8},"end":{"line":108,"column":35}},"47":{"start":{"line":110,"column":6},"end":{"line":110,"column":19}},"48":{"start":{"line":115,"column":20},"end":{"line":121,"column":3}},"49":{"start":{"line":116,"column":4},"end":{"line":118,"column":5}},"50":{"start":{"line":117,"column":6},"end":{"line":117,"column":18}},"51":{"start":{"line":120,"column":4},"end":{"line":120,"column":17}}},"fnMap":{"0":{"name":"(anonymous_0)","decl":{"start":{"line":6,"column":19},"end":{"line":6,"column":20}},"loc":{"start":{"line":6,"column":25},"end":{"line":18,"column":3}},"line":6},"1":{"name":"(anonymous_1)","decl":{"start":{"line":21,"column":22},"end":{"line":21,"column":23}},"loc":{"start":{"line":21,"column":28},"end":{"line":32,"column":3}},"line":21},"2":{"name":"(anonymous_2)","decl":{"start":{"line":27,"column":18},"end":{"line":27,"column":19}},"loc":{"start":{"line":27,"column":31},"end":{"line":29,"column":5}},"line":27},"3":{"name":"(anonymous_3)","decl":{"start":{"line":35,"column":22},"end":{"line":35,"column":23}},"loc":{"start":{"line":35,"column":29},"end":{"line":63,"column":3}},"line":35},"4":{"name":"(anonymous_4)","decl":{"start":{"line":47,"column":20},"end":{"line":47,"column":21}},"loc":{"start":{"line":47,"column":33},"end":{"line":49,"column":9}},"line":47},"5":{"name":"(anonymous_5)","decl":{"start":{"line":53,"column":20},"end":{"line":53,"column":21}},"loc":{"start":{"line":53,"column":33},"end":{"line":55,"column":9}},"line":53},"6":{"name":"(anonymous_6)","decl":{"start":{"line":66,"column":23},"end":{"line":66,"column":24}},"loc":{"start":{"line":66,"column":47},"end":{"line":81,"column":3}},"line":66},"7":{"name":"(anonymous_7)","decl":{"start":{"line":70,"column":18},"end":{"line":70,"column":19}},"loc":{"start":{"line":70,"column":31},"end":{"line":72,"column":5}},"line":70},"8":{"name":"(anonymous_8)","decl":{"start":{"line":75,"column":16},"end":{"line":75,"column":17}},"loc":{"start":{"line":75,"column":29},"end":{"line":77,"column":5}},"line":75},"9":{"name":"(anonymous_9)","decl":{"start":{"line":84,"column":33},"end":{"line":84,"column":34}},"loc":{"start":{"line":84,"column":39},"end":{"line":112,"column":3}},"line":84},"10":{"name":"(anonymous_10)","decl":{"start":{"line":85,"column":31},"end":{"line":85,"column":32}},"loc":{"start":{"line":85,"column":41},"end":{"line":87,"column":5}},"line":85},"11":{"name":"(anonymous_11)","decl":{"start":{"line":89,"column":18},"end":{"line":89,"column":19}},"loc":{"start":{"line":89,"column":29},"end":{"line":95,"column":5}},"line":89},"12":{"name":"(anonymous_12)","decl":{"start":{"line":92,"column":20},"end":{"line":92,"column":21}},"loc":{"start":{"line":92,"column":33},"end":{"line":94,"column":7}},"line":92},"13":{"name":"(anonymous_13)","decl":{"start":{"line":101,"column":18},"end":{"line":101,"column":19}},"loc":{"start":{"line":101,"column":31},"end":{"line":103,"column":7}},"line":101},"14":{"name":"(anonymous_14)","decl":{"start":{"line":107,"column":18},"end":{"line":107,"column":19}},"loc":{"start":{"line":107,"column":31},"end":{"line":109,"column":7}},"line":107},"15":{"name":"(anonymous_15)","decl":{"start":{"line":115,"column":20},"end":{"line":115,"column":21}},"loc":{"start":{"line":115,"column":26},"end":{"line":121,"column":3}},"line":115}},"branchMap":{"0":{"loc":{"start":{"line":8,"column":4},"end":{"line":17,"column":5}},"type":"if","locations":[{"start":{"line":8,"column":4},"end":{"line":17,"column":5}},{"start":{},"end":{}}],"line":8},"1":{"loc":{"start":{"line":40,"column":4},"end":{"line":61,"column":5}},"type":"if","locations":[{"start":{"line":40,"column":4},"end":{"line":61,"column":5}},{"start":{"line":59,"column":9},"end":{"line":61,"column":5}}],"line":40},"2":{"loc":{"start":{"line":46,"column":6},"end":{"line":57,"column":7}},"type":"if","locations":[{"start":{"line":46,"column":6},"end":{"line":57,"column":7}},{"start":{"line":52,"column":11},"end":{"line":57,"column":7}}],"line":46},"3":{"loc":{"start":{"line":100,"column":4},"end":{"line":111,"column":5}},"type":"if","locations":[{"start":{"line":100,"column":4},"end":{"line":111,"column":5}},{"start":{"line":106,"column":9},"end":{"line":111,"column":5}}],"line":100},"4":{"loc":{"start":{"line":116,"column":4},"end":{"line":118,"column":5}},"type":"if","locations":[{"start":{"line":116,"column":4},"end":{"line":118,"column":5}},{"start":{},"end":{}}],"line":116}},"s":{"0":1,"1":1,"2":1,"3":1,"4":1,"5":1,"6":1,"7":1,"8":1,"9":0,"10":1,"11":1,"12":0,"13":0,"14":0,"15":0,"16":0,"17":0,"18":0,"19":0,"20":0,"21":0,"22":0,"23":0,"24":0,"25":1,"26":0,"27":0,"28":0,"29":0,"30":0,"31":0,"32":0,"33":1,"34":0,"35":0,"36":0,"37":0,"38":0,"39":0,"40":0,"41":0,"42":0,"43":0,"44":0,"45":0,"46":0,"47":0,"48":1,"49":2,"50":0,"51":2},"f":{"0":1,"1":1,"2":0,"3":0,"4":0,"5":0,"6":0,"7":0,"8":0,"9":0,"10":0,"11":0,"12":0,"13":0,"14":0,"15":2},"b":{"0":[1,0],"1":[0,0],"2":[0,0],"3":[0,0],"4":[0,2]},"_coverageSchema":"1a1c01bbd47fc00a2c39e90264f33305004495a9","hash":"e1b6b14e7f25f4db1f0047528a656128cfcc2986"}
}
