{"C:\\Users\\PC\\ToDo-List-App\\src\\modules\\alerts.mod.js": {"path":"C:\\Users\\PC\\ToDo-List-App\\src\\modules\\alerts.mod.js","statementMap":{"0":{"start":{"line":3,"column":24},"end":{"line":12,"column":3}},"1":{"start":{"line":4,"column":21},"end":{"line":4,"column":61}},"2":{"start":{"line":5,"column":5},"end":{"line":5,"column":29}},"3":{"start":{"line":6,"column":4},"end":{"line":8,"column":12}},"4":{"start":{"line":7,"column":6},"end":{"line":7,"column":39}},"5":{"start":{"line":9,"column":4},"end":{"line":11,"column":13}},"6":{"start":{"line":10,"column":6},"end":{"line":10,"column":36}},"7":{"start":{"line":15,"column":21},"end":{"line":23,"column":3}},"8":{"start":{"line":16,"column":18},"end":{"line":16,"column":56}},"9":{"start":{"line":17,"column":4},"end":{"line":19,"column":12}},"10":{"start":{"line":18,"column":6},"end":{"line":18,"column":37}},"11":{"start":{"line":20,"column":4},"end":{"line":22,"column":13}},"12":{"start":{"line":21,"column":6},"end":{"line":21,"column":34}}},"fnMap":{"0":{"name":"(anonymous_0)","decl":{"start":{"line":3,"column":24},"end":{"line":3,"column":25}},"loc":{"start":{"line":3,"column":33},"end":{"line":12,"column":3}},"line":3},"1":{"name":"(anonymous_1)","decl":{"start":{"line":6,"column":15},"end":{"line":6,"column":16}},"loc":{"start":{"line":6,"column":21},"end":{"line":8,"column":5}},"line":6},"2":{"name":"(anonymous_2)","decl":{"start":{"line":9,"column":15},"end":{"line":9,"column":16}},"loc":{"start":{"line":9,"column":21},"end":{"line":11,"column":5}},"line":9},"3":{"name":"(anonymous_3)","decl":{"start":{"line":15,"column":21},"end":{"line":15,"column":22}},"loc":{"start":{"line":15,"column":27},"end":{"line":23,"column":3}},"line":15},"4":{"name":"(anonymous_4)","decl":{"start":{"line":17,"column":15},"end":{"line":17,"column":16}},"loc":{"start":{"line":17,"column":21},"end":{"line":19,"column":5}},"line":17},"5":{"name":"(anonymous_5)","decl":{"start":{"line":20,"column":15},"end":{"line":20,"column":16}},"loc":{"start":{"line":20,"column":21},"end":{"line":22,"column":5}},"line":20}},"branchMap":{},"s":{"0":1,"1":0,"2":0,"3":0,"4":0,"5":0,"6":0,"7":1,"8":0,"9":0,"10":0,"11":0,"12":0},"f":{"0":0,"1":0,"2":0,"3":0,"4":0,"5":0},"b":{},"_coverageSchema":"1a1c01bbd47fc00a2c39e90264f33305004495a9","hash":"03c30912e05962698e960483e1e46fe58fb091b7"}
,"C:\\Users\\PC\\ToDo-List-App\\src\\modules\\task-manipulation.mod.js": {"path":"C:\\Users\\PC\\ToDo-List-App\\src\\modules\\task-manipulation.mod.js","statementMap":{"0":{"start":{"line":6,"column":19},"end":{"line":30,"column":3}},"1":{"start":{"line":7,"column":24},"end":{"line":7,"column":65}},"2":{"start":{"line":8,"column":4},"end":{"line":29,"column":5}},"3":{"start":{"line":9,"column":18},"end":{"line":13,"column":8}},"4":{"start":{"line":15,"column":6},"end":{"line":15,"column":22}},"5":{"start":{"line":17,"column":6},"end":{"line":22,"column":7}},"6":{"start":{"line":18,"column":8},"end":{"line":20,"column":11}},"7":{"start":{"line":19,"column":10},"end":{"line":19,"column":64}},"8":{"start":{"line":21,"column":8},"end":{"line":21,"column":20}},"9":{"start":{"line":25,"column":6},"end":{"line":27,"column":9}},"10":{"start":{"line":26,"column":8},"end":{"line":26,"column":35}},"11":{"start":{"line":28,"column":6},"end":{"line":28,"column":19}},"12":{"start":{"line":33,"column":22},"end":{"line":59,"column":3}},"13":{"start":{"line":35,"column":18},"end":{"line":35,"column":90}},"14":{"start":{"line":37,"column":19},"end":{"line":37,"column":41}},"15":{"start":{"line":39,"column":4},"end":{"line":41,"column":7}},"16":{"start":{"line":40,"column":6},"end":{"line":40,"column":21}},"17":{"start":{"line":43,"column":4},"end":{"line":43,"column":20}},"18":{"start":{"line":45,"column":4},"end":{"line":58,"column":5}},"19":{"start":{"line":46,"column":6},"end":{"line":48,"column":9}},"20":{"start":{"line":47,"column":8},"end":{"line":47,"column":64}},"21":{"start":{"line":50,"column":6},"end":{"line":50,"column":21}},"22":{"start":{"line":51,"column":6},"end":{"line":51,"column":18}},"23":{"start":{"line":54,"column":6},"end":{"line":56,"column":9}},"24":{"start":{"line":55,"column":8},"end":{"line":55,"column":35}},"25":{"start":{"line":57,"column":6},"end":{"line":57,"column":19}},"26":{"start":{"line":62,"column":22},"end":{"line":90,"column":3}},"27":{"start":{"line":64,"column":18},"end":{"line":64,"column":46}},"28":{"start":{"line":66,"column":24},"end":{"line":66,"column":38}},"29":{"start":{"line":67,"column":4},"end":{"line":88,"column":5}},"30":{"start":{"line":69,"column":21},"end":{"line":69,"column":59}},"31":{"start":{"line":71,"column":6},"end":{"line":71,"column":22}},"32":{"start":{"line":73,"column":6},"end":{"line":84,"column":7}},"33":{"start":{"line":74,"column":8},"end":{"line":76,"column":11}},"34":{"start":{"line":75,"column":10},"end":{"line":75,"column":66}},"35":{"start":{"line":77,"column":8},"end":{"line":77,"column":20}},"36":{"start":{"line":80,"column":8},"end":{"line":82,"column":11}},"37":{"start":{"line":81,"column":10},"end":{"line":81,"column":37}},"38":{"start":{"line":83,"column":8},"end":{"line":83,"column":21}},"39":{"start":{"line":87,"column":6},"end":{"line":87,"column":19}},"40":{"start":{"line":93,"column":23},"end":{"line":108,"column":3}},"41":{"start":{"line":94,"column":19},"end":{"line":94,"column":44}},"42":{"start":{"line":95,"column":4},"end":{"line":95,"column":41}},"43":{"start":{"line":97,"column":4},"end":{"line":99,"column":7}},"44":{"start":{"line":98,"column":6},"end":{"line":98,"column":21}},"45":{"start":{"line":102,"column":4},"end":{"line":104,"column":7}},"46":{"start":{"line":103,"column":6},"end":{"line":103,"column":60}},"47":{"start":{"line":107,"column":4},"end":{"line":107,"column":20}},"48":{"start":{"line":111,"column":33},"end":{"line":139,"column":3}},"49":{"start":{"line":112,"column":18},"end":{"line":114,"column":6}},"50":{"start":{"line":113,"column":6},"end":{"line":113,"column":35}},"51":{"start":{"line":116,"column":4},"end":{"line":122,"column":7}},"52":{"start":{"line":117,"column":6},"end":{"line":117,"column":35}},"53":{"start":{"line":119,"column":6},"end":{"line":121,"column":9}},"54":{"start":{"line":120,"column":8},"end":{"line":120,"column":23}},"55":{"start":{"line":125,"column":4},"end":{"line":125,"column":20}},"56":{"start":{"line":127,"column":4},"end":{"line":138,"column":5}},"57":{"start":{"line":128,"column":6},"end":{"line":130,"column":9}},"58":{"start":{"line":129,"column":8},"end":{"line":129,"column":75}},"59":{"start":{"line":131,"column":6},"end":{"line":131,"column":18}},"60":{"start":{"line":134,"column":6},"end":{"line":136,"column":9}},"61":{"start":{"line":135,"column":8},"end":{"line":135,"column":35}},"62":{"start":{"line":137,"column":6},"end":{"line":137,"column":19}},"63":{"start":{"line":142,"column":20},"end":{"line":148,"column":3}},"64":{"start":{"line":143,"column":4},"end":{"line":145,"column":5}},"65":{"start":{"line":144,"column":6},"end":{"line":144,"column":18}},"66":{"start":{"line":147,"column":4},"end":{"line":147,"column":17}}},"fnMap":{"0":{"name":"(anonymous_0)","decl":{"start":{"line":6,"column":19},"end":{"line":6,"column":20}},"loc":{"start":{"line":6,"column":25},"end":{"line":30,"column":3}},"line":6},"1":{"name":"(anonymous_1)","decl":{"start":{"line":18,"column":20},"end":{"line":18,"column":21}},"loc":{"start":{"line":18,"column":33},"end":{"line":20,"column":9}},"line":18},"2":{"name":"(anonymous_2)","decl":{"start":{"line":25,"column":18},"end":{"line":25,"column":19}},"loc":{"start":{"line":25,"column":31},"end":{"line":27,"column":7}},"line":25},"3":{"name":"(anonymous_3)","decl":{"start":{"line":33,"column":22},"end":{"line":33,"column":23}},"loc":{"start":{"line":33,"column":29},"end":{"line":59,"column":3}},"line":33},"4":{"name":"(anonymous_4)","decl":{"start":{"line":39,"column":18},"end":{"line":39,"column":19}},"loc":{"start":{"line":39,"column":31},"end":{"line":41,"column":5}},"line":39},"5":{"name":"(anonymous_5)","decl":{"start":{"line":46,"column":18},"end":{"line":46,"column":19}},"loc":{"start":{"line":46,"column":31},"end":{"line":48,"column":7}},"line":46},"6":{"name":"(anonymous_6)","decl":{"start":{"line":54,"column":18},"end":{"line":54,"column":19}},"loc":{"start":{"line":54,"column":31},"end":{"line":56,"column":7}},"line":54},"7":{"name":"(anonymous_7)","decl":{"start":{"line":62,"column":22},"end":{"line":62,"column":23}},"loc":{"start":{"line":62,"column":29},"end":{"line":90,"column":3}},"line":62},"8":{"name":"(anonymous_8)","decl":{"start":{"line":74,"column":20},"end":{"line":74,"column":21}},"loc":{"start":{"line":74,"column":33},"end":{"line":76,"column":9}},"line":74},"9":{"name":"(anonymous_9)","decl":{"start":{"line":80,"column":20},"end":{"line":80,"column":21}},"loc":{"start":{"line":80,"column":33},"end":{"line":82,"column":9}},"line":80},"10":{"name":"(anonymous_10)","decl":{"start":{"line":93,"column":23},"end":{"line":93,"column":24}},"loc":{"start":{"line":93,"column":47},"end":{"line":108,"column":3}},"line":93},"11":{"name":"(anonymous_11)","decl":{"start":{"line":97,"column":18},"end":{"line":97,"column":19}},"loc":{"start":{"line":97,"column":31},"end":{"line":99,"column":5}},"line":97},"12":{"name":"(anonymous_12)","decl":{"start":{"line":102,"column":16},"end":{"line":102,"column":17}},"loc":{"start":{"line":102,"column":29},"end":{"line":104,"column":5}},"line":102},"13":{"name":"(anonymous_13)","decl":{"start":{"line":111,"column":33},"end":{"line":111,"column":34}},"loc":{"start":{"line":111,"column":39},"end":{"line":139,"column":3}},"line":111},"14":{"name":"(anonymous_14)","decl":{"start":{"line":112,"column":31},"end":{"line":112,"column":32}},"loc":{"start":{"line":112,"column":41},"end":{"line":114,"column":5}},"line":112},"15":{"name":"(anonymous_15)","decl":{"start":{"line":116,"column":18},"end":{"line":116,"column":19}},"loc":{"start":{"line":116,"column":29},"end":{"line":122,"column":5}},"line":116},"16":{"name":"(anonymous_16)","decl":{"start":{"line":119,"column":20},"end":{"line":119,"column":21}},"loc":{"start":{"line":119,"column":33},"end":{"line":121,"column":7}},"line":119},"17":{"name":"(anonymous_17)","decl":{"start":{"line":128,"column":18},"end":{"line":128,"column":19}},"loc":{"start":{"line":128,"column":31},"end":{"line":130,"column":7}},"line":128},"18":{"name":"(anonymous_18)","decl":{"start":{"line":134,"column":18},"end":{"line":134,"column":19}},"loc":{"start":{"line":134,"column":31},"end":{"line":136,"column":7}},"line":134},"19":{"name":"(anonymous_19)","decl":{"start":{"line":142,"column":20},"end":{"line":142,"column":21}},"loc":{"start":{"line":142,"column":26},"end":{"line":148,"column":3}},"line":142}},"branchMap":{"0":{"loc":{"start":{"line":8,"column":4},"end":{"line":29,"column":5}},"type":"if","locations":[{"start":{"line":8,"column":4},"end":{"line":29,"column":5}},{"start":{"line":24,"column":9},"end":{"line":29,"column":5}}],"line":8},"1":{"loc":{"start":{"line":17,"column":6},"end":{"line":22,"column":7}},"type":"if","locations":[{"start":{"line":17,"column":6},"end":{"line":22,"column":7}},{"start":{},"end":{}}],"line":17},"2":{"loc":{"start":{"line":45,"column":4},"end":{"line":58,"column":5}},"type":"if","locations":[{"start":{"line":45,"column":4},"end":{"line":58,"column":5}},{"start":{"line":53,"column":9},"end":{"line":58,"column":5}}],"line":45},"3":{"loc":{"start":{"line":67,"column":4},"end":{"line":88,"column":5}},"type":"if","locations":[{"start":{"line":67,"column":4},"end":{"line":88,"column":5}},{"start":{"line":86,"column":9},"end":{"line":88,"column":5}}],"line":67},"4":{"loc":{"start":{"line":73,"column":6},"end":{"line":84,"column":7}},"type":"if","locations":[{"start":{"line":73,"column":6},"end":{"line":84,"column":7}},{"start":{"line":79,"column":11},"end":{"line":84,"column":7}}],"line":73},"5":{"loc":{"start":{"line":127,"column":4},"end":{"line":138,"column":5}},"type":"if","locations":[{"start":{"line":127,"column":4},"end":{"line":138,"column":5}},{"start":{"line":133,"column":9},"end":{"line":138,"column":5}}],"line":127},"6":{"loc":{"start":{"line":143,"column":4},"end":{"line":145,"column":5}},"type":"if","locations":[{"start":{"line":143,"column":4},"end":{"line":145,"column":5}},{"start":{},"end":{}}],"line":143}},"s":{"0":1,"1":0,"2":0,"3":0,"4":0,"5":0,"6":0,"7":0,"8":0,"9":0,"10":0,"11":0,"12":1,"13":1,"14":0,"15":0,"16":0,"17":0,"18":0,"19":0,"20":0,"21":0,"22":0,"23":0,"24":0,"25":0,"26":1,"27":0,"28":0,"29":0,"30":0,"31":0,"32":0,"33":0,"34":0,"35":0,"36":0,"37":0,"38":0,"39":0,"40":1,"41":0,"42":0,"43":0,"44":0,"45":0,"46":0,"47":0,"48":1,"49":0,"50":0,"51":0,"52":0,"53":0,"54":0,"55":0,"56":0,"57":0,"58":0,"59":0,"60":0,"61":0,"62":0,"63":1,"64":0,"65":0,"66":0},"f":{"0":0,"1":0,"2":0,"3":1,"4":0,"5":0,"6":0,"7":0,"8":0,"9":0,"10":0,"11":0,"12":0,"13":0,"14":0,"15":0,"16":0,"17":0,"18":0,"19":0},"b":{"0":[0,0],"1":[0,0],"2":[0,0],"3":[0,0],"4":[0,0],"5":[0,0],"6":[0,0]},"_coverageSchema":"1a1c01bbd47fc00a2c39e90264f33305004495a9","hash":"a32353ddc04d837014c0385f88a68acd4e959355"}
,"C:\\Users\\PC\\ToDo-List-App\\src\\modules\\task.mod.js": {"path":"C:\\Users\\PC\\ToDo-List-App\\src\\modules\\task.mod.js","statementMap":{"0":{"start":{"line":1,"column":19},"end":{"line":1,"column":108}}},"fnMap":{},"branchMap":{"0":{"loc":{"start":{"line":1,"column":19},"end":{"line":1,"column":108}},"type":"cond-expr","locations":[{"start":{"line":1,"column":62},"end":{"line":1,"column":64}},{"start":{"line":1,"column":67},"end":{"line":1,"column":108}}],"line":1}},"s":{"0":1},"f":{},"b":{"0":[0,1]},"_coverageSchema":"1a1c01bbd47fc00a2c39e90264f33305004495a9","hash":"f51f78bc4c60fa02ee385424f693acee70fd9393"}
}
